[2021-01-11 15:20:21] app.INFO: Protect vendor folder in module contactform [] []
[2021-01-11 15:20:22] app.INFO: Module contactform has no vendor folder [] []
[2021-01-11 15:20:29] app.INFO: Protect vendor folder in module dashactivity [] []
[2021-01-11 15:20:29] app.INFO: Module dashactivity has no vendor folder [] []
[2021-01-11 15:20:43] app.INFO: Protect vendor folder in module dashgoals [] []
[2021-01-11 15:20:44] app.INFO: Module dashgoals has no vendor folder [] []
[2021-01-11 15:20:51] app.INFO: Protect vendor folder in module dashproducts [] []
[2021-01-11 15:20:51] app.INFO: Module dashproducts has no vendor folder [] []
[2021-01-11 15:20:55] app.INFO: Protect vendor folder in module dashtrends [] []
[2021-01-11 15:20:55] app.INFO: Module dashtrends has no vendor folder [] []
[2021-01-11 15:21:01] app.INFO: Protect vendor folder in module graphnvd3 [] []
[2021-01-11 15:21:03] app.INFO: Module graphnvd3 has no vendor folder [] []
[2021-01-11 15:21:12] app.INFO: Protect vendor folder in module gridhtml [] []
[2021-01-11 15:21:12] app.INFO: Module gridhtml has no vendor folder [] []
[2021-01-11 15:21:20] app.INFO: Protect vendor folder in module gsitemap [] []
[2021-01-11 15:21:20] app.INFO: Module gsitemap has no vendor folder [] []
[2021-01-11 15:21:25] app.INFO: Protect vendor folder in module pagesnotfound [] []
[2021-01-11 15:21:25] app.INFO: Module pagesnotfound has no vendor folder [] []
[2021-01-11 15:21:49] app.INFO: Protect vendor folder in module productcomments [] []
[2021-01-11 15:21:49] app.INFO: Module productcomments has no vendor folder [] []
[2021-01-11 15:21:53] app.INFO: Protect vendor folder in module ps_banner [] []
[2021-01-11 15:21:53] app.INFO: Module ps_banner has no vendor folder [] []
[2021-01-11 15:21:56] app.INFO: Protect vendor folder in module ps_categorytree [] []
[2021-01-11 15:21:56] app.INFO: Module ps_categorytree has no vendor folder [] []
[2021-01-11 15:22:01] app.INFO: Protect vendor folder in module ps_checkpayment [] []
[2021-01-11 15:22:01] app.INFO: Module ps_checkpayment has no vendor folder [] []
[2021-01-11 15:22:04] app.INFO: Protect vendor folder in module ps_contactinfo [] []
[2021-01-11 15:22:04] app.INFO: Module ps_contactinfo has no vendor folder [] []
[2021-01-11 15:22:07] app.INFO: Protect vendor folder in module ps_crossselling [] []
[2021-01-11 15:22:07] app.INFO: Module ps_crossselling has no vendor folder [] []
[2021-01-11 15:22:10] app.INFO: Protect vendor folder in module ps_currencyselector [] []
[2021-01-11 15:22:11] app.INFO: Module ps_currencyselector has no vendor folder [] []
[2021-01-11 15:22:14] app.INFO: Protect vendor folder in module ps_customeraccountlinks [] []
[2021-01-11 15:22:14] app.INFO: Module ps_customeraccountlinks has no vendor folder [] []
[2021-01-11 15:22:19] app.INFO: Protect vendor folder in module ps_customersignin [] []
[2021-01-11 15:22:19] app.INFO: Module ps_customersignin has no vendor folder [] []
[2021-01-11 15:22:29] app.INFO: Protect vendor folder in module ps_customtext [] []
[2021-01-11 15:22:30] app.INFO: Module ps_customtext has no vendor folder [] []
[2021-01-11 15:22:33] app.INFO: Protect vendor folder in module ps_dataprivacy [] []
[2021-01-11 15:22:33] app.INFO: Module ps_dataprivacy has no vendor folder [] []
[2021-01-11 15:22:40] app.INFO: Protect vendor folder in module ps_emailsubscription [] []
[2021-01-11 15:22:40] app.INFO: Module ps_emailsubscription has no vendor folder [] []
[2021-01-11 15:23:14] app.INFO: Protect vendor folder in module ps_facetedsearch [] []
[2021-01-11 15:23:15] app.INFO: Module ps_facetedsearch has no vendor folder [] []
[2021-01-11 15:23:27] app.INFO: Protect vendor folder in module ps_faviconnotificationbo [] []
[2021-01-11 15:23:27] app.INFO: Module ps_faviconnotificationbo has no vendor folder [] []
[2021-01-11 15:23:38] app.INFO: Protect vendor folder in module ps_featuredproducts [] []
[2021-01-11 15:23:38] app.INFO: Module ps_featuredproducts has no vendor folder [] []
[2021-01-11 15:23:51] app.INFO: Protect vendor folder in module ps_imageslider [] []
[2021-01-11 15:23:51] app.INFO: Module ps_imageslider has no vendor folder [] []
[2021-01-11 15:23:54] app.INFO: Protect vendor folder in module ps_languageselector [] []
[2021-01-11 15:23:54] app.INFO: Module ps_languageselector has no vendor folder [] []
[2021-01-11 15:24:03] app.INFO: Protect vendor folder in module ps_linklist [] []
[2021-01-11 15:24:03] app.INFO: Module ps_linklist has no vendor folder [] []
[2021-01-11 15:24:04] app.ERROR: Cannot register tab "AdminLinkWidget" because it already exists [] []
[2021-01-11 15:24:35] app.INFO: Protect vendor folder in module ps_mainmenu [] []
[2021-01-11 15:24:36] app.INFO: Module ps_mainmenu has no vendor folder [] []
[2021-01-11 15:24:47] app.INFO: Protect vendor folder in module ps_searchbar [] []
[2021-01-11 15:24:48] app.INFO: Module ps_searchbar has no vendor folder [] []
[2021-01-11 15:25:10] app.INFO: Protect vendor folder in module ps_sharebuttons [] []
[2021-01-11 15:25:10] app.INFO: Module ps_sharebuttons has no vendor folder [] []
[2021-01-11 15:25:22] app.INFO: Protect vendor folder in module ps_shoppingcart [] []
[2021-01-11 15:25:24] app.INFO: Module ps_shoppingcart has no vendor folder [] []
[2021-01-11 15:25:54] app.INFO: Protect vendor folder in module ps_socialfollow [] []
[2021-01-11 15:25:54] app.INFO: Module ps_socialfollow has no vendor folder [] []
[2021-01-11 15:26:18] app.INFO: Protect vendor folder in module ps_themecusto [] []
[2021-01-11 15:26:19] app.INFO: Module ps_themecusto has no vendor folder [] []
[2021-01-11 15:26:30] app.INFO: Protect vendor folder in module ps_wirepayment [] []
[2021-01-11 15:26:30] app.INFO: Module ps_wirepayment has no vendor folder [] []
[2021-01-11 15:26:34] app.INFO: Protect vendor folder in module sekeywords [] []
[2021-01-11 15:26:34] app.INFO: Module sekeywords has no vendor folder [] []
[2021-01-11 15:26:37] app.INFO: Protect vendor folder in module statsbestcategories [] []
[2021-01-11 15:26:38] app.INFO: Module statsbestcategories has no vendor folder [] []
[2021-01-11 15:26:41] app.INFO: Protect vendor folder in module statsbestcustomers [] []
[2021-01-11 15:26:41] app.INFO: Module statsbestcustomers has no vendor folder [] []
[2021-01-11 15:26:43] app.INFO: Protect vendor folder in module statsbestproducts [] []
[2021-01-11 15:26:43] app.INFO: Module statsbestproducts has no vendor folder [] []
[2021-01-11 15:26:47] app.INFO: Protect vendor folder in module statsbestsuppliers [] []
[2021-01-11 15:26:47] app.INFO: Module statsbestsuppliers has no vendor folder [] []
[2021-01-11 15:26:53] app.INFO: Protect vendor folder in module statsbestvouchers [] []
[2021-01-11 15:26:53] app.INFO: Module statsbestvouchers has no vendor folder [] []
[2021-01-11 15:26:56] app.INFO: Protect vendor folder in module statscarrier [] []
[2021-01-11 15:26:56] app.INFO: Module statscarrier has no vendor folder [] []
[2021-01-11 15:26:58] app.INFO: Protect vendor folder in module statscatalog [] []
[2021-01-11 15:26:58] app.INFO: Module statscatalog has no vendor folder [] []
[2021-01-11 15:26:59] app.INFO: Protect vendor folder in module statscheckup [] []
[2021-01-11 15:26:59] app.INFO: Module statscheckup has no vendor folder [] []
[2021-01-11 15:27:02] app.INFO: Protect vendor folder in module statsdata [] []
[2021-01-11 15:27:02] app.INFO: Module statsdata has no vendor folder [] []
[2021-01-11 15:27:05] app.INFO: Protect vendor folder in module statsequipment [] []
[2021-01-11 15:27:05] app.INFO: Module statsequipment has no vendor folder [] []
[2021-01-11 15:27:07] app.INFO: Protect vendor folder in module statsforecast [] []
[2021-01-11 15:27:07] app.INFO: Module statsforecast has no vendor folder [] []
[2021-01-11 15:27:10] app.INFO: Protect vendor folder in module statslive [] []
[2021-01-11 15:27:10] app.INFO: Module statslive has no vendor folder [] []
[2021-01-11 15:27:12] app.INFO: Protect vendor folder in module statsnewsletter [] []
[2021-01-11 15:27:12] app.INFO: Module statsnewsletter has no vendor folder [] []
[2021-01-11 15:27:15] app.INFO: Protect vendor folder in module statsorigin [] []
[2021-01-11 15:27:15] app.INFO: Module statsorigin has no vendor folder [] []
[2021-01-11 15:27:17] app.INFO: Protect vendor folder in module statspersonalinfos [] []
[2021-01-11 15:27:17] app.INFO: Module statspersonalinfos has no vendor folder [] []
[2021-01-11 15:27:19] app.INFO: Protect vendor folder in module statsproduct [] []
[2021-01-11 15:27:19] app.INFO: Module statsproduct has no vendor folder [] []
[2021-01-11 15:27:21] app.INFO: Protect vendor folder in module statsregistrations [] []
[2021-01-11 15:27:22] app.INFO: Module statsregistrations has no vendor folder [] []
[2021-01-11 15:27:23] app.INFO: Protect vendor folder in module statssales [] []
[2021-01-11 15:27:23] app.INFO: Module statssales has no vendor folder [] []
[2021-01-11 15:27:26] app.INFO: Protect vendor folder in module statssearch [] []
[2021-01-11 15:27:26] app.INFO: Module statssearch has no vendor folder [] []
[2021-01-11 15:27:29] app.INFO: Protect vendor folder in module statsstock [] []
[2021-01-11 15:27:29] app.INFO: Module statsstock has no vendor folder [] []
[2021-01-11 15:27:31] app.INFO: Protect vendor folder in module statsvisits [] []
[2021-01-11 15:27:31] app.INFO: Module statsvisits has no vendor folder [] []
[2021-01-11 15:27:36] app.INFO: Protect vendor folder in module welcome [] []
[2021-01-11 15:27:36] app.INFO: Module welcome has no vendor folder [] []
[2021-01-11 15:27:54] app.INFO: Exporting mail with theme modern for language English (English) [] []
[2021-01-11 15:27:54] app.INFO: Core output folder: C:\xampp\htdocs\2020-Projects\prestashop/mails [] []
[2021-01-11 15:27:54] app.INFO: Modules output folder: C:\xampp\htdocs\2020-Projects\prestashop/modules/ [] []
[2021-01-11 16:04:52] request.CRITICAL: Uncaught PHP Exception Symfony\Component\Debug\Exception\FatalErrorException: "Error: Maximum execution time of 120 seconds exceeded" at C:\xampp\htdocs\2020-Projects\prestashop\src\Core\Localization\CLDR\Reader.php line 561 {"exception":"[object] (Symfony\\Component\\Debug\\Exception\\FatalErrorException(code: 0): Error: Maximum execution time of 120 seconds exceeded at C:\\xampp\\htdocs\\2020-Projects\\prestashop\\src\\Core\\Localization\\CLDR\\Reader.php:561)"} []
[2021-01-11 16:14:29] request.INFO: Matched route "admin_module_manage_action". {"route":"admin_module_manage_action","route_parameters":{"_controller":"PrestaShopBundle\\Controller\\Admin\\Improve\\ModuleController::moduleAction","action":"upgrade","module_name":"ps_facetedsearch","_route":"admin_module_manage_action"},"request_uri":"http://localhost/2020-Projects/prestashop/admin635yvk4jq/index.php/improve/modules/manage/action/upgrade/ps_facetedsearch?_token=F3ZnVLbA96oYQwtAlRXn8P6xz6M12ezjB1a0frTzydw","method":"POST"} []
[2021-01-11 16:14:48] security.DEBUG: Read existing security token from the session. {"key":"_security_main","token_class":"Symfony\\Component\\Security\\Core\\Authentication\\Token\\UsernamePasswordToken"} []
[2021-01-11 16:14:48] security.DEBUG: User was reloaded from a user provider. {"provider":"PrestaShopBundle\\Security\\Admin\\EmployeeProvider","username":"jordanmuthemba25@gmail.com"} []
[2021-01-11 16:14:53] app.ERROR: Exception thrown by module ps_facetedsearch on upgrade. Unable to guess "C:\xampp\htdocs\2020-Projects\prestashop/var/cache/prod\sandbox/5ffc4f4a71ff0/ps_facetedsearch\webpack.config.js" file type. [] []
[2021-01-11 16:14:54] security.DEBUG: Stored the security token in the session. {"key":"_security_main"} []
[2021-01-11 17:27:38] request.INFO: Matched route "admin_module_manage". {"route":"admin_module_manage","route_parameters":{"category":null,"keyword":null,"_controller":"PrestaShopBundle\\Controller\\Admin\\Improve\\ModuleController::manageAction","_legacy_controller":"AdminModulesManage","_legacy_link":["AdminModulesManage","AdminModulesSf"],"_route":"admin_module_manage"},"request_uri":"http://localhost/2020-Projects/prestashop/admin635yvk4jq/index.php/improve/modules/manage?_token=F3ZnVLbA96oYQwtAlRXn8P6xz6M12ezjB1a0frTzydw","method":"GET"} []
[2021-01-11 17:27:38] security.DEBUG: Read existing security token from the session. {"key":"_security_main","token_class":"Symfony\\Component\\Security\\Core\\Authentication\\Token\\UsernamePasswordToken"} []
[2021-01-11 17:27:38] security.DEBUG: User was reloaded from a user provider. {"provider":"PrestaShopBundle\\Security\\Admin\\EmployeeProvider","username":"jordanmuthemba25@gmail.com"} []
[2021-01-11 17:27:45] app.ERROR: Data from PrestaShop Addons is invalid, and cannot fallback on cache.  {"exception":"cURL error 28: Operation timed out after 5007 milliseconds with 0 out of 0 bytes received"} []
[2021-01-11 17:28:04] security.DEBUG: Stored the security token in the session. {"key":"_security_main"} []
[2021-01-11 17:44:09] request.INFO: Matched route "admin_themes_enable". {"route":"admin_themes_enable","route_parameters":{"_controller":"PrestaShopBundle\\Controller\\Admin\\Improve\\Design\\ThemeController::enableAction","_legacy_controller":"AdminThemes","_legacy_link":"AdminThemes:enableTheme","_legacy_parameters":{"theme_name":"themeName"},"themeName":"sp_market2","_route":"admin_themes_enable"},"request_uri":"http://localhost/2020-Projects/prestashop/admin635yvk4jq/index.php/improve/design/themes/sp_market2/enable?_token=F3ZnVLbA96oYQwtAlRXn8P6xz6M12ezjB1a0frTzydw","method":"POST"} []
[2021-01-11 17:44:09] security.DEBUG: Read existing security token from the session. {"key":"_security_main","token_class":"Symfony\\Component\\Security\\Core\\Authentication\\Token\\UsernamePasswordToken"} []
[2021-01-11 17:44:09] security.DEBUG: User was reloaded from a user provider. {"provider":"PrestaShopBundle\\Security\\Admin\\EmployeeProvider","username":"jordanmuthemba25@gmail.com"} []
[2021-01-11 17:44:10] request.CRITICAL: Uncaught PHP Exception PrestaShopException: "[ThemeRepository] Theme configuration file not found for theme at `C:\xampp\htdocs\2020-Projects\prestashop/themes/sp_market2/config/theme.yml`." at C:\xampp\htdocs\2020-Projects\prestashop\src\Core\Addon\Theme\ThemeRepository.php line 145 {"exception":"[object] (PrestaShopException(code: 0): [ThemeRepository] Theme configuration file not found for theme at `C:\\xampp\\htdocs\\2020-Projects\\prestashop/themes/sp_market2/config/theme.yml`. at C:\\xampp\\htdocs\\2020-Projects\\prestashop\\src\\Core\\Addon\\Theme\\ThemeRepository.php:145)"} []
[2021-01-11 17:44:10] security.DEBUG: Stored the security token in the session. {"key":"_security_main"} []
[2021-01-11 17:44:58] request.INFO: Matched route "admin_themes_delete". {"route":"admin_themes_delete","route_parameters":{"_controller":"PrestaShopBundle\\Controller\\Admin\\Improve\\Design\\ThemeController::deleteAction","_legacy_controller":"AdminThemes","_legacy_link":"AdminThemes:deleteTheme","_legacy_parameters":{"theme_name":"themeName"},"themeName":"sp_market2","_route":"admin_themes_delete"},"request_uri":"http://localhost/2020-Projects/prestashop/admin635yvk4jq/index.php/improve/design/themes/sp_market2/delete?_token=F3ZnVLbA96oYQwtAlRXn8P6xz6M12ezjB1a0frTzydw","method":"POST"} []
[2021-01-11 17:44:58] security.DEBUG: Read existing security token from the session. {"key":"_security_main","token_class":"Symfony\\Component\\Security\\Core\\Authentication\\Token\\UsernamePasswordToken"} []
[2021-01-11 17:44:58] security.DEBUG: User was reloaded from a user provider. {"provider":"PrestaShopBundle\\Security\\Admin\\EmployeeProvider","username":"jordanmuthemba25@gmail.com"} []
[2021-01-11 17:44:59] request.CRITICAL: Uncaught PHP Exception PrestaShopException: "[ThemeRepository] Theme configuration file not found for theme at `C:\xampp\htdocs\2020-Projects\prestashop/themes/sp_market2/config/theme.yml`." at C:\xampp\htdocs\2020-Projects\prestashop\src\Core\Addon\Theme\ThemeRepository.php line 145 {"exception":"[object] (PrestaShopException(code: 0): [ThemeRepository] Theme configuration file not found for theme at `C:\\xampp\\htdocs\\2020-Projects\\prestashop/themes/sp_market2/config/theme.yml`. at C:\\xampp\\htdocs\\2020-Projects\\prestashop\\src\\Core\\Addon\\Theme\\ThemeRepository.php:145)"} []
[2021-01-11 17:44:59] security.DEBUG: Stored the security token in the session. {"key":"_security_main"} []
[2021-01-11 22:55:18] request.INFO: Matched route "admin_module_configure_action". {"route":"admin_module_configure_action","route_parameters":{"_controller":"PrestaShopBundle\\Controller\\Admin\\Improve\\ModuleController::configureModuleAction","_legacy_controller":"AdminModules","module_name":"pesapal","_route":"admin_module_configure_action"},"request_uri":"http://localhost/2020-Projects/prestashop/admin635yvk4jq/index.php/improve/modules/manage/action/configure/pesapal?_token=F3ZnVLbA96oYQwtAlRXn8P6xz6M12ezjB1a0frTzydw","method":"GET"} []
[2021-01-11 22:55:18] security.DEBUG: Read existing security token from the session. {"key":"_security_main","token_class":"Symfony\\Component\\Security\\Core\\Authentication\\Token\\UsernamePasswordToken"} []
[2021-01-11 22:55:18] security.DEBUG: User was reloaded from a user provider. {"provider":"PrestaShopBundle\\Security\\Admin\\EmployeeProvider","username":"jordanmuthemba25@gmail.com"} []
[2021-01-11 22:55:24] app.ERROR: Data from PrestaShop Addons is invalid, and cannot fallback on cache.  {"exception":"cURL error 28: Operation timed out after 5006 milliseconds with 0 out of 0 bytes received"} []
[2021-01-11 22:55:25] security.DEBUG: Stored the security token in the session. {"key":"_security_main"} []
[2021-01-11 22:56:49] request.INFO: Matched route "admin_product_form". {"route":"admin_product_form","route_parameters":{"_controller":"PrestaShopBundle\\Controller\\Admin\\ProductController::formAction","_legacy_controller":"AdminProducts","_legacy_param_mapper_class":"PrestaShop\\PrestaShop\\Adapter\\Product\\AdminProductDataProvider","_legacy_param_mapper_method":"mapLegacyParametersProductForm","id":"1","_route":"admin_product_form"},"request_uri":"http://localhost/2020-Projects/prestashop/admin635yvk4jq/index.php/sell/catalog/products/1?_token=F3ZnVLbA96oYQwtAlRXn8P6xz6M12ezjB1a0frTzydw","method":"GET"} []
[2021-01-11 22:56:49] security.DEBUG: Read existing security token from the session. {"key":"_security_main","token_class":"Symfony\\Component\\Security\\Core\\Authentication\\Token\\UsernamePasswordToken"} []
[2021-01-11 22:56:49] security.DEBUG: User was reloaded from a user provider. {"provider":"PrestaShopBundle\\Security\\Admin\\EmployeeProvider","username":"jordanmuthemba25@gmail.com"} []
[2021-01-11 22:56:56] app.ERROR: Data from PrestaShop Addons is invalid, and cannot fallback on cache.  {"exception":"cURL error 28: Resolving timed out after 5005 milliseconds"} []
[2021-01-11 22:56:57] security.DEBUG: Stored the security token in the session. {"key":"_security_main"} []
[2021-01-11 23:04:37] request.CRITICAL: Uncaught PHP Exception SmartyException: "Invalid compiled template for 'controllers/modules/login_addons.tpl'" at C:\xampp\htdocs\2020-Projects\prestashop\vendor\smarty\smarty\libs\sysplugins\smarty_template_resource_base.php line 116 {"exception":"[object] (SmartyException(code: 0): Invalid compiled template for 'controllers/modules/login_addons.tpl' at C:\\xampp\\htdocs\\2020-Projects\\prestashop\\vendor\\smarty\\smarty\\libs\\sysplugins\\smarty_template_resource_base.php:116)"} []
[2021-01-11 23:07:18] request.INFO: Matched route "admin_product_form". {"route":"admin_product_form","route_parameters":{"_controller":"PrestaShopBundle\\Controller\\Admin\\ProductController::formAction","_legacy_controller":"AdminProducts","_legacy_param_mapper_class":"PrestaShop\\PrestaShop\\Adapter\\Product\\AdminProductDataProvider","_legacy_param_mapper_method":"mapLegacyParametersProductForm","id":"2","_route":"admin_product_form"},"request_uri":"http://localhost/2020-Projects/prestashop/admin635yvk4jq/index.php/sell/catalog/products/2?_token=F3ZnVLbA96oYQwtAlRXn8P6xz6M12ezjB1a0frTzydw","method":"GET"} []
[2021-01-11 23:07:18] security.DEBUG: Read existing security token from the session. {"key":"_security_main","token_class":"Symfony\\Component\\Security\\Core\\Authentication\\Token\\UsernamePasswordToken"} []
[2021-01-11 23:07:18] security.DEBUG: User was reloaded from a user provider. {"provider":"PrestaShopBundle\\Security\\Admin\\EmployeeProvider","username":"jordanmuthemba25@gmail.com"} []
[2021-01-11 23:07:34] app.ERROR: Data from PrestaShop Addons is invalid, and cannot fallback on cache.  {"exception":"cURL error 28: Resolving timed out after 5013 milliseconds"} []
[2021-01-11 23:07:34] security.DEBUG: Stored the security token in the session. {"key":"_security_main"} []
[2021-01-11 23:10:05] request.INFO: Matched route "admin_product_form". {"route":"admin_product_form","route_parameters":{"_controller":"PrestaShopBundle\\Controller\\Admin\\ProductController::formAction","_legacy_controller":"AdminProducts","_legacy_param_mapper_class":"PrestaShop\\PrestaShop\\Adapter\\Product\\AdminProductDataProvider","_legacy_param_mapper_method":"mapLegacyParametersProductForm","id":"3","_route":"admin_product_form"},"request_uri":"http://localhost/2020-Projects/prestashop/admin635yvk4jq/index.php/sell/catalog/products/3?_token=F3ZnVLbA96oYQwtAlRXn8P6xz6M12ezjB1a0frTzydw","method":"GET"} []
[2021-01-11 23:10:05] security.DEBUG: Read existing security token from the session. {"key":"_security_main","token_class":"Symfony\\Component\\Security\\Core\\Authentication\\Token\\UsernamePasswordToken"} []
[2021-01-11 23:10:05] security.DEBUG: User was reloaded from a user provider. {"provider":"PrestaShopBundle\\Security\\Admin\\EmployeeProvider","username":"jordanmuthemba25@gmail.com"} []
[2021-01-11 23:10:13] app.ERROR: Data from PrestaShop Addons is invalid, and cannot fallback on cache.  {"exception":"cURL error 28: Resolving timed out after 5008 milliseconds"} []
[2021-01-11 23:10:14] security.DEBUG: Stored the security token in the session. {"key":"_security_main"} []
[2021-01-11 23:11:19] request.INFO: Matched route "admin_product_form". {"route":"admin_product_form","route_parameters":{"_controller":"PrestaShopBundle\\Controller\\Admin\\ProductController::formAction","_legacy_controller":"AdminProducts","_legacy_param_mapper_class":"PrestaShop\\PrestaShop\\Adapter\\Product\\AdminProductDataProvider","_legacy_param_mapper_method":"mapLegacyParametersProductForm","id":"2","_route":"admin_product_form"},"request_uri":"http://localhost/2020-Projects/prestashop/admin635yvk4jq/index.php/sell/catalog/products/2?_token=F3ZnVLbA96oYQwtAlRXn8P6xz6M12ezjB1a0frTzydw","method":"GET"} []
[2021-01-11 23:11:19] security.DEBUG: Read existing security token from the session. {"key":"_security_main","token_class":"Symfony\\Component\\Security\\Core\\Authentication\\Token\\UsernamePasswordToken"} []
[2021-01-11 23:11:19] security.DEBUG: User was reloaded from a user provider. {"provider":"PrestaShopBundle\\Security\\Admin\\EmployeeProvider","username":"jordanmuthemba25@gmail.com"} []
[2021-01-11 23:11:32] app.ERROR: Data from PrestaShop Addons is invalid, and cannot fallback on cache.  {"exception":"cURL error 28: Resolving timed out after 5006 milliseconds"} []
[2021-01-11 23:11:33] security.DEBUG: Stored the security token in the session. {"key":"_security_main"} []
[2021-01-11 23:12:40] request.INFO: Matched route "admin_product_form". {"route":"admin_product_form","route_parameters":{"_controller":"PrestaShopBundle\\Controller\\Admin\\ProductController::formAction","_legacy_controller":"AdminProducts","_legacy_param_mapper_class":"PrestaShop\\PrestaShop\\Adapter\\Product\\AdminProductDataProvider","_legacy_param_mapper_method":"mapLegacyParametersProductForm","id":"4","_route":"admin_product_form"},"request_uri":"http://localhost/2020-Projects/prestashop/admin635yvk4jq/index.php/sell/catalog/products/4?_token=F3ZnVLbA96oYQwtAlRXn8P6xz6M12ezjB1a0frTzydw","method":"GET"} []
[2021-01-11 23:12:40] security.DEBUG: Read existing security token from the session. {"key":"_security_main","token_class":"Symfony\\Component\\Security\\Core\\Authentication\\Token\\UsernamePasswordToken"} []
[2021-01-11 23:12:40] security.DEBUG: User was reloaded from a user provider. {"provider":"PrestaShopBundle\\Security\\Admin\\EmployeeProvider","username":"jordanmuthemba25@gmail.com"} []
[2021-01-11 23:12:48] app.ERROR: Data from PrestaShop Addons is invalid, and cannot fallback on cache.  {"exception":"cURL error 28: Resolving timed out after 5002 milliseconds"} []
[2021-01-11 23:12:48] security.DEBUG: Stored the security token in the session. {"key":"_security_main"} []
[2021-01-11 23:15:29] request.INFO: Matched route "admin_product_form". {"route":"admin_product_form","route_parameters":{"_controller":"PrestaShopBundle\\Controller\\Admin\\ProductController::formAction","_legacy_controller":"AdminProducts","_legacy_param_mapper_class":"PrestaShop\\PrestaShop\\Adapter\\Product\\AdminProductDataProvider","_legacy_param_mapper_method":"mapLegacyParametersProductForm","id":"5","_route":"admin_product_form"},"request_uri":"http://localhost/2020-Projects/prestashop/admin635yvk4jq/index.php/sell/catalog/products/5?_token=F3ZnVLbA96oYQwtAlRXn8P6xz6M12ezjB1a0frTzydw","method":"GET"} []
[2021-01-11 23:15:29] security.DEBUG: Read existing security token from the session. {"key":"_security_main","token_class":"Symfony\\Component\\Security\\Core\\Authentication\\Token\\UsernamePasswordToken"} []
[2021-01-11 23:15:29] security.DEBUG: User was reloaded from a user provider. {"provider":"PrestaShopBundle\\Security\\Admin\\EmployeeProvider","username":"jordanmuthemba25@gmail.com"} []
[2021-01-11 23:15:43] app.ERROR: Data from PrestaShop Addons is invalid, and cannot fallback on cache.  {"exception":"cURL error 28: Resolving timed out after 5015 milliseconds"} []
[2021-01-11 23:15:43] security.DEBUG: Stored the security token in the session. {"key":"_security_main"} []
[2021-01-11 23:17:43] request.INFO: Matched route "admin_product_form". {"route":"admin_product_form","route_parameters":{"_controller":"PrestaShopBundle\\Controller\\Admin\\ProductController::formAction","_legacy_controller":"AdminProducts","_legacy_param_mapper_class":"PrestaShop\\PrestaShop\\Adapter\\Product\\AdminProductDataProvider","_legacy_param_mapper_method":"mapLegacyParametersProductForm","id":"6","_route":"admin_product_form"},"request_uri":"http://localhost/2020-Projects/prestashop/admin635yvk4jq/index.php/sell/catalog/products/6?_token=F3ZnVLbA96oYQwtAlRXn8P6xz6M12ezjB1a0frTzydw","method":"GET"} []
[2021-01-11 23:17:43] security.DEBUG: Read existing security token from the session. {"key":"_security_main","token_class":"Symfony\\Component\\Security\\Core\\Authentication\\Token\\UsernamePasswordToken"} []
[2021-01-11 23:17:43] security.DEBUG: User was reloaded from a user provider. {"provider":"PrestaShopBundle\\Security\\Admin\\EmployeeProvider","username":"jordanmuthemba25@gmail.com"} []
[2021-01-11 23:17:57] app.ERROR: Data from PrestaShop Addons is invalid, and cannot fallback on cache.  {"exception":"cURL error 28: Resolving timed out after 5006 milliseconds"} []
[2021-01-11 23:17:57] security.DEBUG: Stored the security token in the session. {"key":"_security_main"} []
[2021-01-11 23:48:21] request.INFO: Matched route "admin_product_form". {"route":"admin_product_form","route_parameters":{"_controller":"PrestaShopBundle\\Controller\\Admin\\ProductController::formAction","_legacy_controller":"AdminProducts","_legacy_param_mapper_class":"PrestaShop\\PrestaShop\\Adapter\\Product\\AdminProductDataProvider","_legacy_param_mapper_method":"mapLegacyParametersProductForm","id":"7","_route":"admin_product_form"},"request_uri":"http://localhost/2020-Projects/prestashop/admin635yvk4jq/index.php/sell/catalog/products/7?_token=F3ZnVLbA96oYQwtAlRXn8P6xz6M12ezjB1a0frTzydw","method":"GET"} []
[2021-01-11 23:48:21] security.DEBUG: Read existing security token from the session. {"key":"_security_main","token_class":"Symfony\\Component\\Security\\Core\\Authentication\\Token\\UsernamePasswordToken"} []
[2021-01-11 23:48:21] security.DEBUG: User was reloaded from a user provider. {"provider":"PrestaShopBundle\\Security\\Admin\\EmployeeProvider","username":"jordanmuthemba25@gmail.com"} []
[2021-01-11 23:48:29] app.ERROR: Data from PrestaShop Addons is invalid, and cannot fallback on cache.  {"exception":"cURL error 28: Connection timed out after 5006 milliseconds"} []
[2021-01-11 23:48:30] security.DEBUG: Stored the security token in the session. {"key":"_security_main"} []
[2021-01-12 06:41:48] request.INFO: Matched route "admin_product_form". {"route":"admin_product_form","route_parameters":{"_controller":"PrestaShopBundle\\Controller\\Admin\\ProductController::formAction","_legacy_controller":"AdminProducts","_legacy_param_mapper_class":"PrestaShop\\PrestaShop\\Adapter\\Product\\AdminProductDataProvider","_legacy_param_mapper_method":"mapLegacyParametersProductForm","id":"8","_route":"admin_product_form"},"request_uri":"http://localhost/2020-Projects/prestashop/admin635yvk4jq/index.php/sell/catalog/products/8?_token=F3ZnVLbA96oYQwtAlRXn8P6xz6M12ezjB1a0frTzydw","method":"GET"} []
[2021-01-12 06:41:48] security.DEBUG: Read existing security token from the session. {"key":"_security_main","token_class":"Symfony\\Component\\Security\\Core\\Authentication\\Token\\UsernamePasswordToken"} []
[2021-01-12 06:41:48] security.DEBUG: User was reloaded from a user provider. {"provider":"PrestaShopBundle\\Security\\Admin\\EmployeeProvider","username":"jordanmuthemba25@gmail.com"} []
[2021-01-12 06:41:57] app.ERROR: Data from PrestaShop Addons is invalid, and cannot fallback on cache.  {"exception":"cURL error 28: Operation timed out after 5000 milliseconds with 91733 bytes received"} []
[2021-01-12 06:41:58] security.DEBUG: Stored the security token in the session. {"key":"_security_main"} []
[2021-01-12 17:26:19] request.CRITICAL: Uncaught PHP Exception Symfony\Component\Debug\Exception\FatalErrorException: "Error: Maximum execution time of 120 seconds exceeded" at C:\xampp\htdocs\2020-Projects\prestashop\vendor\smarty\smarty\libs\sysplugins\smarty_template_compiled.php line 77 {"exception":"[object] (Symfony\\Component\\Debug\\Exception\\FatalErrorException(code: 0): Error: Maximum execution time of 120 seconds exceeded at C:\\xampp\\htdocs\\2020-Projects\\prestashop\\vendor\\smarty\\smarty\\libs\\sysplugins\\smarty_template_compiled.php:77)"} []
[2021-01-12 23:51:14] request.CRITICAL: Uncaught PHP Exception Symfony\Component\Debug\Exception\FatalErrorException: "Error: Maximum execution time of 120 seconds exceeded" at C:\xampp\htdocs\2020-Projects\prestashop\vendor\smarty\smarty\libs\sysplugins\smarty_template_compiled.php line 77 {"exception":"[object] (Symfony\\Component\\Debug\\Exception\\FatalErrorException(code: 0): Error: Maximum execution time of 120 seconds exceeded at C:\\xampp\\htdocs\\2020-Projects\\prestashop\\vendor\\smarty\\smarty\\libs\\sysplugins\\smarty_template_compiled.php:77)"} []
